[    0.000000] Linux version 4.15.0-91-generic (buildd@lgw01-amd64-013) (gcc version 7.4.0 (Ubuntu 7.4.0-1ubuntu1~18.04.1)) #92-Ubuntu SMP Fri Feb 28 11:09:48 UTC 2020 (Ubuntu 4.15.0-91.92-generic 4.15.18)
[    0.000000] Command line: BOOT_IMAGE=/boot/vmlinuz-4.15.0-91-generic root=LABEL=cloudimg-rootfs ro console=tty1 console=ttyS0
[    0.000000] KERNEL supported cpus:
[    0.000000]   Intel GenuineIntel
[    0.000000]   AMD AuthenticAMD
[    0.000000]   Centaur CentaurHauls
[    0.000000] x86/fpu: Supporting XSAVE feature 0x001: 'x87 floating point registers'
[    0.000000] x86/fpu: Supporting XSAVE feature 0x002: 'SSE registers'
[    0.000000] x86/fpu: Supporting XSAVE feature 0x004: 'AVX registers'
[    0.000000] x86/fpu: xstate_offset[2]:  576, xstate_sizes[2]:  256
[    0.000000] x86/fpu: Enabled xstate features 0x7, context size is 832 bytes, using 'standard' format.
[    0.000000] e820: BIOS-provided physical RAM map:
[    0.000000] BIOS-e820: [mem 0x0000000000000000-0x000000000009fbff] usable
[    0.000000] BIOS-e820: [mem 0x000000000009fc00-0x000000000009ffff] reserved
[    0.000000] BIOS-e820: [mem 0x00000000000f0000-0x00000000000fffff] reserved
[    0.000000] BIOS-e820: [mem 0x0000000000100000-0x000000001ffeffff] usable
[    0.000000] BIOS-e820: [mem 0x000000001fff0000-0x000000001fffffff] ACPI data
[    0.000000] BIOS-e820: [mem 0x00000000fec00000-0x00000000fec00fff] reserved
[    0.000000] BIOS-e820: [mem 0x00000000fee00000-0x00000000fee00fff] reserved
[    0.000000] BIOS-e820: [mem 0x00000000fffc0000-0x00000000ffffffff] reserved
[    0.000000] NX (Execute Disable) protection: active
[    0.000000] SMBIOS 2.5 present.
[    0.000000] DMI: innotek GmbH VirtualBox/VirtualBox, BIOS VirtualBox 12/01/2006
[    0.000000] Hypervisor detected: KVM
[    0.000000] e820: last_pfn = 0x1fff0 max_arch_pfn = 0x400000000
[    0.000000] MTRR: Disabled
[    0.000000] x86/PAT: MTRRs disabled, skipping PAT initialization too.
[    0.000000] CPU MTRRs all blank - virtualized system.
[    0.000000] x86/PAT: Configuration [0-7]: WB  WT  UC- UC  WB  WT  UC- UC  
[    0.000000] found SMP MP-table at [mem 0x0009fff0-0x0009ffff]
[    0.000000] Scanning 1 areas for low memory corruption
[    0.000000] RAMDISK: [mem 0x1dc30000-0x1eef1fff]
[    0.000000] ACPI: Early table checksum verification disabled
[    0.000000] ACPI: RSDP 0x00000000000E0000 000024 (v02 VBOX  )
[    0.000000] ACPI: XSDT 0x000000001FFF0030 00003C (v01 VBOX   VBOXXSDT 00000001 ASL  00000061)
[    0.000000] ACPI: FACP 0x000000001FFF00F0 0000F4 (v04 VBOX   VBOXFACP 00000001 ASL  00000061)
[    0.000000] ACPI: DSDT 0x000000001FFF0470 0021FF (v02 VBOX   VBOXBIOS 00000002 INTL 20160930)
[    0.000000] ACPI: FACS 0x000000001FFF0200 000040
[    0.000000] ACPI: FACS 0x000000001FFF0200 000040
[    0.000000] ACPI: APIC 0x000000001FFF0240 000054 (v02 VBOX   VBOXAPIC 00000001 ASL  00000061)
[    0.000000] ACPI: SSDT 0x000000001FFF02A0 0001CC (v01 VBOX   VBOXCPUT 00000002 INTL 20160930)
[    0.000000] No NUMA configuration found
[    0.000000] Faking a node at [mem 0x0000000000000000-0x000000001ffeffff]
[    0.000000] NODE_DATA(0) allocated [mem 0x1ffc5000-0x1ffeffff]
[    0.000000] kvm-clock: cpu 0, msr 0:1ff44001, primary cpu clock
[    0.000000] kvm-clock: Using msrs 4b564d01 and 4b564d00
[    0.000000] kvm-clock: using sched offset of 3545913461 cycles
[    0.000000] clocksource: kvm-clock: mask: 0xffffffffffffffff max_cycles: 0x1cd42e4dffb, max_idle_ns: 881590591483 ns
[    0.000000] Zone ranges:
[    0.000000]   DMA      [mem 0x0000000000001000-0x0000000000ffffff]
[    0.000000]   DMA32    [mem 0x0000000001000000-0x000000001ffeffff]
[    0.000000]   Normal   empty
[    0.000000]   Device   empty
[    0.000000] Movable zone start for each node
[    0.000000] Early memory node ranges
[    0.000000]   node   0: [mem 0x0000000000001000-0x000000000009efff]
[    0.000000]   node   0: [mem 0x0000000000100000-0x000000001ffeffff]
[    0.000000] Reserved but unavailable: 98 pages
[    0.000000] Initmem setup node 0 [mem 0x0000000000001000-0x000000001ffeffff]
[    0.000000] ACPI: PM-Timer IO Port: 0x4008
[    0.000000] IOAPIC[0]: apic_id 1, version 32, address 0xfec00000, GSI 0-23
[    0.000000] ACPI: INT_SRC_OVR (bus 0 bus_irq 0 global_irq 2 dfl dfl)
[    0.000000] ACPI: INT_SRC_OVR (bus 0 bus_irq 9 global_irq 9 low level)
[    0.000000] Using ACPI (MADT) for SMP configuration information
[    0.000000] smpboot: Allowing 1 CPUs, 0 hotplug CPUs
[    0.000000] PM: Registered nosave memory: [mem 0x00000000-0x00000fff]
[    0.000000] PM: Registered nosave memory: [mem 0x0009f000-0x0009ffff]
[    0.000000] PM: Registered nosave memory: [mem 0x000a0000-0x000effff]
[    0.000000] PM: Registered nosave memory: [mem 0x000f0000-0x000fffff]
[    0.000000] e820: [mem 0x20000000-0xfebfffff] available for PCI devices
[    0.000000] Booting paravirtualized kernel on KVM
[    0.000000] clocksource: refined-jiffies: mask: 0xffffffff max_cycles: 0xffffffff, max_idle_ns: 7645519600211568 ns
[    0.000000] random: get_random_bytes called from start_kernel+0x99/0x4fd with crng_init=0
[    0.000000] setup_percpu: NR_CPUS:8192 nr_cpumask_bits:1 nr_cpu_ids:1 nr_node_ids:1
[    0.000000] percpu: Embedded 45 pages/cpu s147456 r8192 d28672 u2097152
[    0.000000] PV qspinlock hash table entries: 256 (order: 0, 4096 bytes)
[    0.000000] Built 1 zonelists, mobility grouping on.  Total pages: 128889
[    0.000000] Policy zone: DMA32
[    0.000000] Kernel command line: BOOT_IMAGE=/boot/vmlinuz-4.15.0-91-generic root=LABEL=cloudimg-rootfs ro console=tty1 console=ttyS0
[    0.000000] Memory: 467144K/523832K available (12300K kernel code, 2481K rwdata, 4264K rodata, 2432K init, 2712K bss, 56688K reserved, 0K cma-reserved)
[    0.000000] SLUB: HWalign=64, Order=0-3, MinObjects=0, CPUs=1, Nodes=1
[    0.000000] Kernel/User page tables isolation: enabled
[    0.000000] ftrace: allocating 39347 entries in 154 pages
[    0.004000] Hierarchical RCU implementation.
[    0.004000] 	RCU restricting CPUs from NR_CPUS=8192 to nr_cpu_ids=1.
[    0.004000] 	Tasks RCU enabled.
[    0.004000] RCU: Adjusting geometry for rcu_fanout_leaf=16, nr_cpu_ids=1
[    0.004000] NR_IRQS: 524544, nr_irqs: 256, preallocated irqs: 16
[    0.004000] Console: colour VGA+ 80x25
[    0.004000] console [tty1] enabled
[    0.004000] console [ttyS0] enabled
[    0.004000] ACPI: Core revision 20170831
[    0.004000] ACPI: 2 ACPI AML tables successfully acquired and loaded
[    0.004000] APIC: Switch to symmetric I/O mode setup
[    0.004000] x2apic enabled
[    0.004000] Switched APIC routing to physical x2apic.
[    0.004000] ..TIMER: vector=0x30 apic1=0 pin1=2 apic2=-1 pin2=-1
[    0.004005] tsc: Detected 2494.446 MHz processor
[    0.004831] Calibrating delay loop (skipped) preset value.. 4988.89 BogoMIPS (lpj=9977784)
[    0.005450] pid_max: default: 32768 minimum: 301
[    0.006304] Security Framework initialized
[    0.008003] Yama: becoming mindful.
[    0.008681] AppArmor: AppArmor initialized
[    0.009524] Dentry cache hash table entries: 65536 (order: 7, 524288 bytes)
[    0.010747] Inode-cache hash table entries: 32768 (order: 6, 262144 bytes)
[    0.012012] Mount-cache hash table entries: 1024 (order: 1, 8192 bytes)
[    0.013145] Mountpoint-cache hash table entries: 1024 (order: 1, 8192 bytes)
[    0.014604] process: using mwait in idle threads
[    0.016007] Last level iTLB entries: 4KB 1024, 2MB 1024, 4MB 1024
[    0.017067] Last level dTLB entries: 4KB 1024, 2MB 1024, 4MB 1024, 1GB 4
[    0.018216] Spectre V1 : Mitigation: usercopy/swapgs barriers and __user pointer sanitization
[    0.020003] Spectre V2 : Mitigation: Full generic retpoline
[    0.020977] Spectre V2 : Spectre v2 / SpectreRSB mitigation: Filling RSB on context switch
[    0.022405] Speculative Store Bypass: Vulnerable
[    0.024058] MDS: Vulnerable: Clear CPU buffers attempted, no microcode
[    0.044279] Freeing SMP alternatives memory: 36K
[    0.159529] smpboot: CPU0: Intel(R) Core(TM) i3-4100M CPU @ 2.50GHz (family: 0x6, model: 0x3c, stepping: 0x3)
[    0.160000] Performance Events: unsupported p6 CPU model 60 no PMU driver, software events only.
[    0.160044] Hierarchical SRCU implementation.
[    0.164685] NMI watchdog: Perf event create on CPU 0 failed with -2
[    0.168002] NMI watchdog: Perf NMI watchdog permanently disabled
[    0.169091] smp: Bringing up secondary CPUs ...
[    0.169915] smp: Brought up 1 node, 1 CPU
[    0.172003] smpboot: Max logical packages: 1
[    0.172779] smpboot: Total of 1 processors activated (4988.89 BogoMIPS)
[    0.174065] devtmpfs: initialized
[    0.174770] x86/mm: Memory block size: 128MB
[    0.176126] evm: security.selinux
[    0.176761] evm: security.SMACK64
[    0.177379] evm: security.SMACK64EXEC
[    0.178055] evm: security.SMACK64TRANSMUTE
[    0.180005] evm: security.SMACK64MMAP
[    0.180697] evm: security.apparmor
[    0.181340] evm: security.ima
[    0.181908] evm: security.capability
[    0.184109] clocksource: jiffies: mask: 0xffffffff max_cycles: 0xffffffff, max_idle_ns: 7645041785100000 ns
[    0.186973] futex hash table entries: 256 (order: 2, 16384 bytes)
[    0.188053] pinctrl core: initialized pinctrl subsystem
[    0.189083] RTC time: 22:12:25, date: 04/05/20
[    0.189979] NET: Registered protocol family 16
[    0.190863] audit: initializing netlink subsys (disabled)
[    0.191939] cpuidle: using governor ladder
[    0.192004] cpuidle: using governor menu
[    0.192756] ACPI: bus type PCI registered
[    0.193499] acpiphp: ACPI Hot Plug PCI Controller Driver version: 0.5
[    0.194717] PCI: Using configuration type 1 for base access
[    0.196029] audit: type=2000 audit(1586124748.764:1): state=initialized audit_enabled=0 res=1
[    0.198609] HugeTLB registered 2.00 MiB page size, pre-allocated 0 pages
[    0.200252] ACPI: Added _OSI(Module Device)
[    0.204006] ACPI: Added _OSI(Processor Device)
[    0.204809] ACPI: Added _OSI(3.0 _SCP Extensions)
[    0.208003] ACPI: Added _OSI(Processor Aggregator Device)
[    0.208959] ACPI: Added _OSI(Linux-Dell-Video)
[    0.209761] ACPI: Added _OSI(Linux-Lenovo-NV-HDMI-Audio)
[    0.210718] ACPI: Added _OSI(Linux-HPI-Hybrid-Graphics)
[    0.212191] ACPI: Executed 1 blocks of module-level executable AML code
[    0.220447] ACPI: Interpreter enabled
[    0.224017] ACPI: (supports S0 S5)
[    0.224657] ACPI: Using IOAPIC for interrupt routing
[    0.225801] PCI: Using host bridge windows from ACPI; if necessary, use "pci=nocrs" and report a bug
[    0.228164] ACPI: Enabled 2 GPEs in block 00 to 07
[    0.242369] ACPI: PCI Root Bridge [PCI0] (domain 0000 [bus 00-ff])
[    0.244009] acpi PNP0A03:00: _OSC: OS supports [ASPM ClockPM Segments MSI]
[    0.245216] acpi PNP0A03:00: _OSC: not requesting OS control; OS requires [ExtendedConfig ASPM ClockPM MSI]
[    0.248013] acpi PNP0A03:00: fail to add MMCONFIG information, can't access extended PCI configuration space under this bridge.
[    0.250291] PCI host bridge to bus 0000:00
[    0.252006] pci_bus 0000:00: root bus resource [io  0x0000-0x0cf7 window]
[    0.253193] pci_bus 0000:00: root bus resource [io  0x0d00-0xffff window]
[    0.256003] pci_bus 0000:00: root bus resource [mem 0x000a0000-0x000bffff window]
[    0.257333] pci_bus 0000:00: root bus resource [mem 0x20000000-0xfdffffff window]
[    0.260011] pci_bus 0000:00: root bus resource [bus 00-ff]
[    0.262576] pci 0000:00:01.1: legacy IDE quirk: reg 0x10: [io  0x01f0-0x01f7]
[    0.264012] pci 0000:00:01.1: legacy IDE quirk: reg 0x14: [io  0x03f6]
[    0.268015] pci 0000:00:01.1: legacy IDE quirk: reg 0x18: [io  0x0170-0x0177]
[    0.269509] pci 0000:00:01.1: legacy IDE quirk: reg 0x1c: [io  0x0376]
[    0.288027] pci 0000:00:07.0: quirk: [io  0x4000-0x403f] claimed by PIIX4 ACPI
[    0.292026] pci 0000:00:07.0: quirk: [io  0x4100-0x410f] claimed by PIIX4 SMB
[    0.303131] ACPI: PCI Interrupt Link [LNKA] (IRQs 5 9 10 *11)
[    0.304389] ACPI: PCI Interrupt Link [LNKB] (IRQs 5 9 *10 11)
[    0.308157] ACPI: PCI Interrupt Link [LNKC] (IRQs 5 *9 10 11)
[    0.312146] ACPI: PCI Interrupt Link [LNKD] (IRQs 5 9 10 *11)
[    0.316456] SCSI subsystem initialized
[    0.320121] pci 0000:00:02.0: vgaarb: setting as boot VGA device
[    0.322334] pci 0000:00:02.0: vgaarb: VGA device added: decodes=io+mem,owns=io+mem,locks=none
[    0.324005] pci 0000:00:02.0: vgaarb: bridge control possible
[    0.325010] vgaarb: loaded
[    0.325569] ACPI: bus type USB registered
[    0.328022] usbcore: registered new interface driver usbfs
[    0.328994] usbcore: registered new interface driver hub
[    0.329946] usbcore: registered new device driver usb
[    0.330905] EDAC MC: Ver: 3.0.0
[    0.332260] PCI: Using ACPI for IRQ routing
[    0.336323] NetLabel: Initializing
[    0.340003] NetLabel:  domain hash size = 128
[    0.340805] NetLabel:  protocols = UNLABELED CIPSOv4 CALIPSO
[    0.341817] NetLabel:  unlabeled traffic allowed by default
[    0.344142] clocksource: Switched to clocksource kvm-clock
[    0.356542] VFS: Disk quotas dquot_6.6.0
[    0.367599] VFS: Dquot-cache hash table entries: 512 (order 0, 4096 bytes)
[    0.368909] AppArmor: AppArmor Filesystem Enabled
[    0.369800] pnp: PnP ACPI init
[    0.371370] pnp: PnP ACPI: found 3 devices
[    0.378770] clocksource: acpi_pm: mask: 0xffffff max_cycles: 0xffffff, max_idle_ns: 2085701024 ns
[    0.382238] NET: Registered protocol family 2
[    0.386684] TCP established hash table entries: 4096 (order: 3, 32768 bytes)
[    0.387912] TCP bind hash table entries: 4096 (order: 4, 65536 bytes)
[    0.389057] TCP: Hash tables configured (established 4096 bind 4096)
[    0.390187] UDP hash table entries: 256 (order: 1, 8192 bytes)
[    0.391218] UDP-Lite hash table entries: 256 (order: 1, 8192 bytes)
[    0.392364] NET: Registered protocol family 1
[    0.397676] pci 0000:00:00.0: Limiting direct PCI/PCI transfers
[    0.407778] pci 0000:00:01.0: Activating ISA DMA hang workarounds
[    0.408904] pci 0000:00:02.0: Video device with shadowed ROM at [mem 0x000c0000-0x000dffff]
[    0.410477] Unpacking initramfs...
[    0.718000] Freeing initrd memory: 19208K
[    0.827289] clocksource: tsc: mask: 0xffffffffffffffff max_cycles: 0x23f4bae24e6, max_idle_ns: 440795227335 ns
[    0.878203] platform rtc_cmos: registered platform RTC device (no PNP device found)
[    0.907976] Scanning for low memory corruption every 60 seconds
[    1.057757] Initialise system trusted keyrings
[    1.063064] Key type blacklist registered
[    1.063847] workingset: timestamp_bits=36 max_order=17 bucket_order=0
[    1.066017] zbud: loaded
[    1.157599] squashfs: version 4.0 (2009/01/31) Phillip Lougher
[    1.317577] fuse init (API version 7.26)
[    1.481636] Key type asymmetric registered
[    1.486988] Asymmetric key parser 'x509' registered
[    1.717264] Block layer SCSI generic (bsg) driver version 0.4 loaded (major 246)
[    1.977605] io scheduler noop registered
[    1.988309] io scheduler deadline registered
[    2.017582] io scheduler cfq registered (default)
[    2.047591] ACPI: AC Adapter [AC] (on-line)
[    2.057517] input: Power Button as /devices/LNXSYSTM:00/LNXPWRBN:00/input/input0
[    2.407331] ACPI: Power Button [PWRF]
[    2.421936] input: Sleep Button as /devices/LNXSYSTM:00/LNXSLPBN:00/input/input1
[    2.423266] ACPI: Sleep Button [SLPF]
[    2.424867] ACPI: Battery Slot [BAT0] (battery present)
[    2.447506] Serial: 8250/16550 driver, 32 ports, IRQ sharing enabled
[    2.470538] 00:02: ttyS0 at I/O 0x3f8 (irq = 4, base_baud = 115200) is a 16550A
[    2.589880] Linux agpgart interface v0.103
[    2.608598] loop: module loaded
[    2.647503] scsi host0: ata_piix
[    2.947158] scsi host1: ata_piix
[    3.097288] ata1: PATA max UDMA/33 cmd 0x1f0 ctl 0x3f6 bmdma 0xd000 irq 14
[    3.118198] ata2: PATA max UDMA/33 cmd 0x170 ctl 0x376 bmdma 0xd008 irq 15
[    3.158152] libphy: Fixed MDIO Bus: probed
[    3.547044] tun: Universal TUN/TAP device driver, 1.6
[    4.047281] PPP generic driver version 2.4.2
[    4.187408] ehci_hcd: USB 2.0 'Enhanced' Host Controller (EHCI) Driver
[    4.197688] ehci-pci: EHCI PCI platform driver
[    4.198530] ehci-platform: EHCI generic platform driver
[    4.202043] ohci_hcd: USB 1.1 'Open' Host Controller (OHCI) Driver
[    4.203099] ohci-pci: OHCI PCI platform driver
[    4.203890] ohci-platform: OHCI generic platform driver
[    4.247237] uhci_hcd: USB Universal Host Controller Interface driver
[    4.427206] i8042: PNP: PS/2 Controller [PNP0303:PS2K,PNP0f03:PS2M] at 0x60,0x64 irq 1,12
[    4.697668] serio: i8042 KBD port at 0x60,0x64 irq 1
[    4.887099] serio: i8042 AUX port at 0x60,0x64 irq 12
[    4.997470] mousedev: PS/2 mouse device common for all mice
[    5.003758] input: AT Translated Set 2 keyboard as /devices/platform/i8042/serio0/input/input2
[    5.017588] rtc_cmos rtc_cmos: rtc core: registered rtc_cmos as rtc0
[    5.023538] rtc_cmos rtc_cmos: alarms up to one day, 114 bytes nvram
[    5.024632] i2c /dev entries driver
[    5.025335] device-mapper: uevent: version 1.0.3
[    5.107286] device-mapper: ioctl: 4.37.0-ioctl (2017-09-20) initialised: dm-devel@redhat.com
[    5.317356] ledtrig-cpu: registered to indicate activity on CPUs
[    5.357662] NET: Registered protocol family 10
[    5.480646] Segment Routing with IPv6
[    5.487457] NET: Registered protocol family 17
[    5.488360] Key type dns_resolver registered
[    5.489228] mce: Using 0 MCE banks
[    5.495440] RAS: Correctable Errors collector initialized.
[    5.497489] sched_clock: Marking stable (5497462459, 0)->(7744519909, -2247057450)
[    5.498934] registered taskstats version 1
[    5.499676] Loading compiled-in X.509 certificates
[    5.502694] Loaded X.509 cert 'Build time autogenerated kernel key: d019e8c5f4cbc828f6af43369f65a014a3a68371'
[    5.504382] zswap: loaded using pool lzo/zbud
[    5.507894] Key type big_key registered
[    5.517495] Key type trusted registered
[    5.519555] Key type encrypted registered
[    5.527543] AppArmor: AppArmor sha1 policy hashing enabled
[    5.528534] ima: No TPM chip found, activating TPM-bypass! (rc=-19)
[    5.529589] ima: Allocated hash algorithm: sha1
[    5.530397] evm: HMAC attrs: 0x1
[    5.531220]   Magic number: 0:864:248
[    5.531957] rtc_cmos rtc_cmos: setting system clock to 2020-04-05 22:12:31 UTC (1586124751)
[    5.547815] BIOS EDD facility v0.16 2004-Jun-25, 0 devices found
[    5.548900] EDD information not available.
[    5.552199] Freeing unused kernel image memory: 2432K
[    5.564062] Write protecting the kernel read-only data: 20480k
[    5.757548] Freeing unused kernel image memory: 2008K
[    5.947363] Freeing unused kernel image memory: 1880K
[    6.144442] x86/mm: Checked W+X mappings: passed, no W+X pages found.
[    6.377179] x86/mm: Checking user space page tables
[    6.406278] x86/mm: Checked W+X mappings: passed, no W+X pages found.
Loading, please wait...
starting version 237
[    6.530738] e1000: Intel(R) PRO/1000 Network Driver - version 7.3.21-k8-NAPI
[    6.537910] e1000: Copyright (c) 1999-2006 Intel Corporation.
[    6.562518] Fusion MPT base driver 3.04.20
[    6.727300] Copyright (c) 1999-2008 LSI Corporation
[    6.764453] AVX2 version of gcm_enc/dec engaged.
[    7.167116] AES CTR mode by8 optimization enabled
[    7.169204] input: ImExPS/2 Generic Explorer Mouse as /devices/platform/i8042/serio1/input/input4
[    7.523749] Fusion MPT SPI Host driver 3.04.20
[    7.918039] e1000 0000:00:03.0 eth0: (PCI:33MHz:32-bit) 02:39:67:45:9c:e6
[    7.937882] e1000 0000:00:03.0 eth0: Intel(R) PRO/1000 Network Connection
[    7.939948] mptbase: ioc0: Initiating bringup
[    8.040788] ioc0: LSI53C1030 A0: Capabilities={Initiator}
[    8.319306] scsi host2: ioc0: LSI53C1030 A0, FwRev=00000000h, Ports=1, MaxQ=256, IRQ=20
[    8.532929] scsi 2:0:0:0: Direct-Access     VBOX     HARDDISK         1.0  PQ: 0 ANSI: 5
[    8.543637] scsi target2:0:0: Beginning Domain Validation
[    8.548418] scsi target2:0:0: Domain Validation skipping write tests
[    8.597659] scsi target2:0:0: Ending Domain Validation
[    8.599137] scsi target2:0:0: asynchronous
[    8.630558] random: fast init done
[    8.881388] scsi 2:0:1:0: Direct-Access     VBOX     HARDDISK         1.0  PQ: 0 ANSI: 5
[    9.746291] scsi target2:0:1: Beginning Domain Validation
[    9.817877] scsi target2:0:1: Domain Validation skipping write tests
[    9.837821] scsi target2:0:1: Ending Domain Validation
[    9.844950] scsi target2:0:1: asynchronous
[    9.863752] random: systemd-udevd: uninitialized urandom read (16 bytes read)
[    9.868067] e1000 0000:00:08.0 eth1: (PCI:33MHz:32-bit) 08:00:27:17:46:c9
[    9.987031] e1000 0000:00:08.0 eth1: Intel(R) PRO/1000 Network Connection
[   10.277183] random: systemd-udevd: uninitialized urandom read (16 bytes read)
[   10.477356] random: systemd-udevd: uninitialized urandom read (16 bytes read)
[   10.481685] sd 2:0:0:0: [sda] 20971520 512-byte logical blocks: (10.7 GB/10.0 GiB)
[   10.827184] sd 2:0:0:0: Attached scsi generic sg0 type 0
[   10.888820] e1000 0000:00:08.0 enp0s8: renamed from eth1
[   10.908215] e1000 0000:00:03.0 enp0s3: renamed from eth0
[   10.918387] sd 2:0:1:0: Attached scsi generic sg1 type 0
[   10.919512] sd 2:0:0:0: [sda] Write Protect is off
[   10.927620] sd 2:0:1:0: [sdb] 20480 512-byte logical blocks: (10.5 MB/10.0 MiB)
[   10.928928] sd 2:0:0:0: [sda] Incomplete mode parameter data
[   11.067337] sd 2:0:0:0: [sda] Assuming drive cache: write through
[   11.068214] sd 2:0:1:0: [sdb] Write Protect is off
[   11.069065] sd 2:0:1:0: [sdb] Incomplete mode parameter data
[   11.069861] sd 2:0:1:0: [sdb] Assuming drive cache: write through
[   11.072173]  sda: sda1
[   11.248023] sd 2:0:0:0: [sda] Attached SCSI disk
[   11.577445] sd 2:0:1:0: [sdb] Attached SCSI disk
Begin: Loading essential drivers ... [   13.476598] raid6: sse2x1   gen()  9174 MB/s
[   13.546598] raid6: sse2x1   xor()  6692 MB/s
[   13.616606] raid6: sse2x2   gen() 11190 MB/s
[   13.686595] raid6: sse2x2   xor()  7302 MB/s
[   13.746595] raid6: sse2x4   gen() 13368 MB/s
[   13.806589] raid6: sse2x4   xor()  7589 MB/s
[   13.876599] raid6: avx2x1   gen() 18538 MB/s
[   13.946585] raid6: avx2x1   xor() 12613 MB/s
[   14.006588] raid6: avx2x2   gen() 21185 MB/s
[   14.076595] raid6: avx2x2   xor() 13099 MB/s
[   14.146620] raid6: avx2x4   gen() 20297 MB/s
[   14.246581] raid6: avx2x4   xor() 15871 MB/s
[   14.307200] raid6: using algorithm avx2x2 gen() 21185 MB/s
[   14.308160] raid6: .... xor() 13099 MB/s, rmw enabled
[   14.309075] raid6: using avx2x2 recovery algorithm
[   14.311993] xor: automatically using best checksumming function   avx       
[   14.329609] async_tx: api initialized (async)
done.
Begin: Running /scripts/init-premount ... done.
Begin: Mounting root file system ... Begin: Running /scripts/local-top ... done.
Begin: Running /scripts/local-premount ... [   14.397728] Btrfs loaded, crc32c=crc32c-intel
Scanning for Btrfs filesystems
done.
Warning: fsck not present, so skipping root file system
[   14.448583] EXT4-fs (sda1): mounted filesystem with ordered data mode. Opts: (null)
done.
Begin: Running /scripts/local-bottom ... done.
Begin: Running /scripts/init-bottom ... done.
[   15.200701] ip_tables: (C) 2000-2006 Netfilter Core Team
[   15.250989] systemd[1]: systemd 237 running in system mode. (+PAM +AUDIT +SELINUX +IMA +APPARMOR +SMACK +SYSVINIT +UTMP +LIBCRYPTSETUP +GCRYPT +GNUTLS +ACL +XZ +LZ4 +SECCOMP +BLKID +ELFUTILS +KMOD -IDN2 +IDN -PCRE2 default-hierarchy=hybrid)
[   15.438635] systemd[1]: Detected virtualization oracle.
[   15.439419] systemd[1]: Detected architecture x86-64.

Welcome to [1mUbuntu 18.04.4 LTS[0m!

[   15.495584] systemd[1]: Set hostname to <ubuntu>.
[   15.715705] systemd[1]: Initializing machine ID from random generator.
[   15.946959] systemd[1]: Installed transient /etc/machine-id file.
[   16.519956] random: crng init done
[   16.656776] random: 7 urandom warning(s) missed due to ratelimiting
[   17.265605] systemd[1]: Reached target Swap.
[[0;32m  OK  [0m] Reached target Swap.
[   17.273335] systemd[1]: Set up automount Arbitrary Executable File Formats File System Automount Point.
[[0;32m  OK  [0m] Set up automount Arbitrary Executab…rmats File System Automount Point.
[   17.442190] systemd[1]: Created slice User and Session Slice.
[[0;32m  OK  [0m] Created slice User and Session Slice.
[   17.732396] systemd[1]: Reached target System Time Synchronized.
[[0;32m  OK  [0m] Reached target System Time Synchronized.
[[0;32m  OK  [0m] Created slice System Slice.
[[0;32m  OK  [0m] Listening on Network Service Netlink Socket.
[[0;32m  OK  [0m] Listening on Device-mapper event daemon FIFOs.
[[0;32m  OK  [0m] Listening on udev Kernel Socket.
[[0;32m  OK  [0m] Listening on LVM2 poll daemon socket.
[[0;32m  OK  [0m] Listening on Journal Socket (/dev/log).
[[0;32m  OK  [0m] Listening on /dev/initctl Compatibility Named Pipe.
[[0;32m  OK  [0m] Reached target User and Group Name Lookups.
[[0;32m  OK  [0m] Listening on udev Control Socket.
[[0;32m  OK  [0m] Started Forward Password Requests to Wall Directory Watch.
[[0;32m  OK  [0m] Reached target Slices.
[[0;32m  OK  [0m] Listening on Journal Audit Socket.
[[0;32m  OK  [0m] Listening on LVM2 metadata daemon socket.
[[0;32m  OK  [0m] Listening on Syslog Socket.
[[0;32m  OK  [0m] Created slice system-serial\x2dgetty.slice.
[[0;32m  OK  [0m] Listening on Journal Socket.
         Starting Uncomplicated firewall...
         Mounting Kernel Debug File System...
         Starting Journal Service...
         Starting Remount Root and Kernel File Systems...
         [   18.230077] EXT4-fs (sda1): re-mounted. Opts: (null)
Starting Monitoring of LVM2 mirrors…ng dmeventd or progress polling...
         Starting Load Kernel Modules...
         Starting Create list of required st…ce nodes for the current kernel...
         Mounting POSIX Message Queue File System...
         Starting udev Coldplug all Devices...
         Mounting Huge Pages File System...
         Starting Set the console keyboard layout...
[[0;32m  OK  [0m] Started Journal Service.
[[0;32m  OK  [0m] Started Uncomplicated firewall.
[[0;32m  OK  [0m] Mounted Kernel Debug File Sys[   18.510490] Loading iSCSI transport class v2.0-870.
tem.
[[0;32m  OK  [0m] Started Remount Root and Kernel File Systems.
[[0;32m  OK  [0m] Started Create list of required sta…vice nodes for the current kernel.
[[0;32m  OK  [0[   18.714238] iscsi: registered transport (tcp)
m] Mounted POSIX Message Queue File System.
[[0;32m  OK  [0m] Mounted Huge Pages File System.
[[0;32m  OK  [0m] Started LVM2 metadata daemon.
         Starting Create Static Device Nodes in /dev...
         Starting Load/Save Random Seed...
         Starting Flush Journal to Persistent Storage...
[[0;32m  OK  [0m] Started udev Coldplug all Devices.
[[0;32m  OK  [0m] Started Create Static Device Nodes in /dev.
[[0;32m  OK  [0m] Started Load/Save Random Seed.
         Starting udev Kernel Device Manager...
[   18.901386] iscsi: registered transport (iser)
[[0;32m  OK  [0m] Started Load Kernel Modules.
         Mounting Kernel Configuration File System...
         Mounting FUSE Control File System...
         Starting Apply Kernel Variables...
[[0;32m  OK  [0m] Mounted Kernel Configuration File System.
[[0;32m  OK  [0m] Mounted FUSE Control File System.
[[0;32m  OK  [0m] Started Monitoring of LVM2 mirrors,…sing dmeventd or progress polling.
[   18.989922] systemd-journald[376]: Received request to flush runtime journal from PID 1
[[0;32m  OK  [0m] Started udev Kernel Device Manager.
[[0;32m  OK  [0m] Started Apply Kernel Variables.
[[0;32m  OK  [0m] Started Set the console keyboard layout.
[[0;32m  OK  [0m] Reached target Local File Systems (Pre).
[[0;32m  OK  [0m] Reached target Local File Systems.
         Starting Commit a transient machine-id on disk...
         Starting Set console font and keymap...
         Starting ebtables ruleset management...
         Starting AppArmor initialization...
         Starting Tell Plymouth To Write Out Runtime Data...
[[0;32m  OK  [0m] Started Dispatch Password Requests to Console Directory Watch.
[[0;32m  OK  [0m] Reached target Local Encrypted Volumes.
[[0;32m  OK  [0m] Started Flush Journal to Persistent Storage.
[[0;32m  OK  [0m] Started Set console font and keymap.
[[0;32m  OK  [0m] Started Commit a transient machine-id on disk.
[[0;32m  OK  [0m] Started Tell Plymouth To Write Out Runtime Data.
[[0;32m  OK  [0m] Found device /dev/ttyS0.
[[0;32m  OK  [0m] Started ebtables ruleset management.
[[0;32m  OK  [0m] Listening on Load/Save RF Kill Switch Status /dev/rfkill Watch.
         Starting Create Volatile Files and Directories...
[[0;32m  OK  [0m] Started Create Volatile Files and Directories.
         Starting Update UTMP about System Boot/Shutdown...
[[0;32m  OK  [0m] Started Update UTMP about System Boot/Shutdown.
[[0;32m  OK  [0m] Started AppArmor initialization.
         Starting Initial cloud-init job (pre-networking)...
[   24.303635] cloud-init[529]: Cloud-init v. 19.4-33-gbb4131a2-0ubuntu1~18.04.1 running 'init-local' at Sun, 05 Apr 2020 22:12:49 +0000. Up 23.71 seconds.
[[0;32m  OK  [0m] Started Initial cloud-init job (pre-networking).
[[0;32m  OK  [0m] Reached target Network (Pre).
         Starting Network Service...
[[0;32m  OK  [0m] Started Network Service.
         Starting Wait for Network to be Configured...
         Starting Network Name Resolution...
[[0;32m  OK  [0m] Started Network Name Resolution.
[[0;32m  OK  [0m] Reached target Host and Network Name Lookups.
[[0;32m  OK  [0m] Reached target Network.
[[0;32m  OK  [0m] Started Wait for Network to be Configured.
         Starting Initial cloud-init job (metadata service crawler)...
[   26.644306] cloud-init[662]: Cloud-init v. 19.4-33-gbb4131a2-0ubuntu1~18.04.1 running 'init' at Sun, 05 Apr 2020 22:12:52 +0000. Up 26.39 seconds.
[   26.681989] cloud-init[662]: ci-info: ++++++++++++++++++++++++++++++++++++++Net device info+++++++++++++++++++++++++++++++++++++++
[   26.757039] cloud-init[662]: ci-info: +--------+-------+----------------------------+---------------+--------+-------------------+
[   26.810696] cloud-init[662]: ci-info: | Device |   Up  |          Address           |      Mask     | Scope  |     Hw-Address    |
[   26.823774] cloud-init[662]: ci-info: +--------+-------+----------------------------+---------------+--------+-------------------+
[   26.836282] cloud-init[662]: ci-info: | enp0s3 |  True |         10.0.2.15          | 255.255.255.0 | global | 02:39:67:45:9c:e6 |
[   26.840405] cloud-init[662]: ci-info: | enp0s3 |  True | fe80::39:67ff:fe45:9ce6/64 |       .       |  link  | 02:39:67:45:9c:e6 |
[   26.848018] cloud-init[662]: ci-info: | enp0s8 | False |             .              |       .       |   .    | 08:00:27:17:46:c9 |
[   26.850729] cloud-init[662]: ci-info: |   lo   |  True |         127.0.0.1          |   255.0.0.0   |  host  |         .         |
[   26.853335] cloud-init[662]: ci-info: |   lo   |  True |          ::1/128           |       .       |  host  |         .         |
[   26.876519] cloud-init[662]: ci-info: +--------+-------+----------------------------+---------------+--------+-------------------+
[   26.947599] cloud-init[662]: ci-info: ++++++++++++++++++++++++++++Route IPv4 info+++++++++++++++++++++++++++++
[   27.020614] cloud-init[662]: ci-info: +-------+-------------+----------+-----------------+-----------+-------+
[   27.035422] cloud-init[662]: ci-info: | Route | Destination | Gateway  |     Genmask     | Interface | Flags |
[   27.038398] cloud-init[662]: ci-info: +-------+-------------+----------+-----------------+-----------+-------+
[   27.065861] cloud-init[662]: ci-info: |   0   |   0.0.0.0   | 10.0.2.2 |     0.0.0.0     |   enp0s3  |   UG  |
[   27.079282] cloud-init[662]: ci-info: |   1   |   10.0.2.0  | 0.0.0.0  |  255.255.255.0  |   enp0s3  |   U   |
[   27.083549] cloud-init[662]: ci-info: |   2   |   10.0.2.2  | 0.0.0.0  | 255.255.255.255 |   enp0s3  |   UH  |
[   27.086764] cloud-init[662]: ci-info: +-------+-------------+----------+-----------------+-----------+-------+
[   27.094029] cloud-init[662]: ci-info: +++++++++++++++++++Route IPv6 info+++++++++++++++++++
[   27.117153] cloud-init[662]: ci-info: +-------+-------------+---------+-----------+-------+
[   27.129688] cloud-init[662]: ci-info: | Route | Destination | Gateway | Interface | Flags |
[   27.157901] cloud-init[662]: ci-info: +-------+-------------+---------+-----------+-------+
[   27.159548] cloud-init[662]: ci-info: |   1   |  fe80::/64  |    ::   |   enp0s3  |   U   |
[   27.163259] cloud-init[662]: ci-info: |   3   |    local    |    ::   |   enp0s3  |   U   |
[   27.181400] cloud-init[662]: ci-info: |   4   |   ff00::/8  |    ::   |   enp0s3  |   U   |
[   27.207649] cloud-init[662]: ci-info: +-------+-------------+---------+-----------+-------+
[   28.140445] cloud-init[662]: Generating public/private rsa key pair.
[   28.206371] cloud-init[662]: Your identification has been saved in /etc/ssh/ssh_host_rsa_key.
[[   28.294313] cloud-init[662]: Your public key has been saved in /etc/ssh/ssh_host_rsa_key.pub.
[   28.294594] cloud-init[662]: The key fingerprint is:
[   28.294655] cloud-init[662]: SHA256:BrMc+F0PYzfO7jprS8ppipIVua1xqtO9IH1czTKXQWQ root@ubuntu-bionic
[   28.294703] cloud-init[662]: The key's randomart image is:
[   28.294755] cloud-init[662]: +---[RSA 2048]----+
[   28.294804] cloud-init[662]: |         .E      |
[   28.294847] cloud-init[662]: |     .   o       |
[   28.294895] cloud-init[662]: |    ..+   * o    |
[   28.294948] cloud-init[662]: |    oo * = X .   |
[   28.294993] cloud-init[662]: |     ++ S = +    |
[   28.295036] cloud-init[662]: |   .+.oo + .     |
[   28.295085] cloud-init[662]: |  .+o*o   . .    |
[   28.295130] cloud-init[662]: |  +.++...+o.     |
[   28.295174] cloud-init[662]: |  .+. o++.+=.    |
[   28.295218] cloud-init[662]: +----[SHA256]-----+
[   28.295271] cloud-init[662]: Generating public/private dsa key pair.
[   28.295450] cloud-init[662]: Your identification has been saved in /etc/ssh/ssh_host_dsa_key.
[   28.295534] cloud-init[662]: Your public key has been saved in /etc/ssh/ssh_host_dsa_key.pub.
[   28.295600] cloud-init[662]: The key fingerprint is:
[   28.295645] cloud-init[662]: SHA256:0piGMhDbEesQbEfWMVMvjGOKeaB2oPKi+/yxXfm351Q root@ubuntu-bionic
[   28.295690] cloud-init[662]: The key's randomart image is:
[   28.295732] cloud-init[662]: +---[DSA 1024]----+
[   28.295775] cloud-init[662]: |+ ++.+o.         |
[   28.295822] cloud-init[662]: | B.+ .= .        |
[   28.295883] cloud-init[662]: |=o+  + o .       |
[   28.296028] cloud-init[662]: |o+= o..+.        |
[   28.296114] cloud-init[662]: |++++. = S       E|
[   28.296173] cloud-init[662]: |o.oo . . .     . |
[   28.296225] cloud-init[662]: |. . .   o     .  |
[0;32m  OK  [0m] Started Initial cloud-init job (metadata service crawler).
[[0;32m  OK  [0m] Reached target Cloud-config availability.
[[0;32m  OK  [0m] Reached target System Initialization.
[[0;32m  OK  [0m] Listening on ACPID Listen Socket.
[[0;32m  OK  [0m] Listening on D-Bus System Message Bus Socket.
[   28.296395] cloud-init[662]: |.o   + . .  ...  |
[   28.663410] cloud-init[662]: |ooo.o .   ...+.  |
[   28.684288] cloud-init[662]: +----[SHA256]-----+
[   28.700220] cloud-init[662]: Generating public/private ecdsa key pair.
[   28.719343] cloud-init[662]: Your identification has been saved in /etc/ssh/ssh_host_ecdsa_key.
[   28.734897] cloud-init[662]: Your public key has been saved in /etc/ssh/ssh_host_ecdsa_key.pub.
[[   28.749801] cloud-init[662]: The key fingerprint is:
[   28.750340] cloud-init[662]: SHA256:e1G3qs0StI+hz7AZFSSDe4aS54514gms7BzTA8p2U4M root@ubuntu-bionic
[   28.750492] cloud-init[662]: The key's randomart image is:
[   28.750611] cloud-init[662]: +---[ECDSA 256]---+
[   28.750726] cloud-init[662]: |       .o .      |
[   28.750838] cloud-init[662]: |      .  +       |
[   28.750950] cloud-init[662]: |     . o  . . .  |
[   28.751052] cloud-init[662]: |    + + o .o . . |
[   28.751160] cloud-init[662]: |  .E * oS.o.  .  |
[   28.751281] cloud-init[662]: |.. o+ = .o+. .   |
[   28.751375] cloud-init[662]: |.+o+o* ++..=.    |
[   28.751465] cloud-init[662]: |..+oo.+ .Bo+.    |
[   28.751595] cloud-init[662]: | .o     o.+.o    |
[   28.751730] cloud-init[662]: +----[SHA256]-----+
[   28.751838] cloud-init[662]: Generating public/private ed25519 key pair.
[   28.751949] cloud-init[662]: Your identification has been saved in /etc/ssh/ssh_host_ed25519_key.
[0;32m  OK  [0m] Started ACPI Events Check.
         Starting Socket activation for snappy daemon.
[[0;32m  OK  [0m] Started Daily apt download activities.
[[0;32m  OK  [0m] Started Discard unused blocks once a week.
[[0;32m  OK  [0m] Started Daily apt upgrade and clean activities.
[   28.752176] cloud-init[662]: Your public key has been saved in /etc/ssh/ssh_host_ed25519_key.pub.
         Starting LXD - unix socket.
[[0;32m  OK  [0m] Reached target Paths.
[[0;32m  OK  [0m] Listening on Open-iSCSI iscsid Socket.
[   28.883527] cloud-init[662]: The key fingerprint is:
[   28.926134] cloud-init[662]: SHA256:DAmC3ys0a/on0GFYWGBLdfJ97euNmbgzV6qTDlWWUxA root@ubuntu-bionic
[   28.928870] cloud-init[662]: The key's randomart image is:
[[0;32m  OK  [0m] Started Message of the Day.
[[0;32m  OK  [0m] Listening on UUID daemon activation socket.
[   28.950842] cloud-init[662]: +--[ED25519 256]--+
[   29.000258] cloud-init[662]: |.B+o..     Eo.   |
[[0;32m  OK  [0m] Started Daily Cleanup of Temporary Directories.
[[0;32m  OK  [0m] Reached target Timers.
[   29.005286] cloud-init[662]: |= o.+...  . o    |
[   29.027687] cloud-init[662]: | = . .o. . *     |
[   29.045519] cloud-init[662]: |. * .  o. + .    |
[[0;32m  OK  [0m] Reached target Network is Online.
[   29.058431] cloud-init[662]: | + + .  S. .     |
         Starting Availability of block devices...
[[0;32m  OK  [0m] Reached target Remote File Systems (Pre).
[   29.103593] cloud-init[662]: |. = .   .   ..   |[[0;32m  OK  [0m] Reached target Remote File Systems.
[[0;32m  OK  [0m] Listening on Socket activation for snappy daemon.
[[0;32m  OK  [0m] Listening on LXD - unix socket.

[   29.133268] cloud-init[662]: | + .   .  ..o    |
[[   29.149755] cloud-init[662]: |. . .   .=oo=    |
[   29.150468] cloud-init[662]: | ..o    .=B= .   |
[   29.150560] cloud-init[662]: +----[SHA256]-----+
[0;32m  OK  [0m] Started Availability of block devices.
[[0;32m  OK  [0m] Reached target Sockets.
[[0;32m  OK  [0m] Reached target Basic System.
[[0;32m  OK  [0m] Started FUSE filesystem for LXC.
         Starting Dispatcher daemon for systemd-networkd...
         Starting Pollinate to seed the pseudo random number generator...
         Starting System Logging Service...
         Starting Accounts Service...
         Starting LSB: Record successful boot for GRUB...
[[0;32m  OK  [0m] Started Deferred execution scheduler.
         Starting LSB: automatic crash report generation...
[[0;32m  OK  [0m] Started irqbalance daemon.
[[0;32m  OK  [0m] Started D-Bus System Message Bus.
         Starting Permit User Sessions...
[[0;32m  OK  [0m] Started Regular background program processing daemon.
         Starting LXD - container startup/shutdown...
         Starting Login Service...
         Starting Virtualbox guest utils...
         Starting Snappy daemon...
[[0;32m  OK  [0m] Started System Logging Service.
[[0;32m  OK  [0m] Started Permit User Sessions.
[[0;32m  OK  [0m] Started Login Service.
[[0;32m  OK  [0m] Started Unattended Upgrades Shutdown.
         Starting Authorization Manager...
         Starting Hold until boot process finishes up...
         Starting Terminate Plymouth Boot Screen...
[[0;32m  OK  [0m] Started Dispatcher daemon for systemd-networkd.
[[0;32m  OK  [0m] Started Hold until boot process finishes up.
[[0;32m  OK  [0m] Started Terminate Plymouth Boot Screen.
[[0;32m  OK  [0m] Started Serial Getty on ttyS0.
         Starting Set console scheme...
[[0;32m  OK  [0m] Started Set console scheme.
[[0;32m  OK  [0m] Started LSB: Record successful boot for GRUB.
[[0;32m  OK  [0m] Created slice system-getty.slice.
[[0;32m  OK  [0m] Started Getty on tty1.
[[0;32m  OK  [0m] Reached target Login Prompts.
[[0;32m  OK  [0m] Started LSB: automatic crash report generation.
[[0;32m  OK  [0m] Started Authorization Manager.
[[0;32m  OK  [0m] Started Accounts Service.
[[0;32m  OK  [0m] Started Virtualbox guest utils.
[[0;32m  OK  [0m] Started LXD - container startup/shutdown.
[[0;32m  OK  [0m] Started Snappy daemon.
         Starting Wait until snapd is fully seeded...
[[0;32m  OK  [0m] Started Pollinate to seed the pseudo random number generator.
         Starting OpenBSD Secure Shell server...
[[0;32m  OK  [0m] Started OpenBSD Secure Shell server.
[[0;32m  OK  [0m] Created slice User Slice of vagrant.
         Starting User Manager for UID 1000...
[[0;32m  OK  [0m] Started Session 1 of user vagrant.
[[0;32m  OK  [0m] Started User Manager for UID 1000.
[[0;32m  OK  [0m] Started Wait until snapd is fully seeded.
[[0;32m  OK  [0m] Reached target Multi-User System.
[[0;32m  OK  [0m] Reached target Graphical Interface.
         Starting Update UTMP about System Runlevel Changes...
         Starting Apply the settings specified in cloud-config...
[[0;32m  OK  [0m] Started Update UTMP about System Runlevel Changes.

Ubuntu 18.04.4 LTS ubuntu-bionic ttyS0

ubuntu-bionic login: [   37.079706] cloud-init[1462]: Cloud-init v. 19.4-33-gbb4131a2-0ubuntu1~18.04.1 running 'modules:config' at Sun, 05 Apr 2020 22:13:02 +0000. Up 36.06 seconds.
ci-info: no authorized SSH keys fingerprints found for user ubuntu.
<14>Apr  5 22:13:03 ec2: 
<14>Apr  5 22:13:03 ec2: #############################################################
<14>Apr  5 22:13:03 ec2: -----BEGIN SSH HOST KEY FINGERPRINTS-----
<14>Apr  5 22:13:03 ec2: 1024 SHA256:0piGMhDbEesQbEfWMVMvjGOKeaB2oPKi+/yxXfm351Q root@ubuntu-bionic (DSA)
<14>Apr  5 22:13:03 ec2: 256 SHA256:e1G3qs0StI+hz7AZFSSDe4aS54514gms7BzTA8p2U4M root@ubuntu-bionic (ECDSA)
<14>Apr  5 22:13:03 ec2: 256 SHA256:DAmC3ys0a/on0GFYWGBLdfJ97euNmbgzV6qTDlWWUxA root@ubuntu-bionic (ED25519)
<14>Apr  5 22:13:03 ec2: 2048 SHA256:BrMc+F0PYzfO7jprS8ppipIVua1xqtO9IH1czTKXQWQ root@ubuntu-bionic (RSA)
<14>Apr  5 22:13:03 ec2: -----END SSH HOST KEY FINGERPRINTS-----
<14>Apr  5 22:13:03 ec2: #############################################################
-----BEGIN SSH HOST KEY KEYS-----
ecdsa-sha2-nistp256 AAAAE2VjZHNhLXNoYTItbmlzdHAyNTYAAAAIbmlzdHAyNTYAAABBBFGrNzmokWFK1JC8a0JxIeZxje3FVhs+qKpRSyDGAdHjSIy9KS8QzUyhT3lzm5mY/AuEm/z6qWbdLeYxJdYlvzE= root@ubuntu-bionic
ssh-ed25519 AAAAC3NzaC1lZDI1NTE5AAAAIIA82R4AHCTYi6rcNpbTQCwfMPtVkxu+qLf9/C5ekdOV root@ubuntu-bionic
ssh-rsa AAAAB3NzaC1yc2EAAAADAQABAAABAQDsmzMFL1YiOfdLJS6CBQM8oYLADvdmPYOt+b9PeJKtDkD1fc0YX2JkykfYiUWVpS93wHY5tXQGKHm0ZWBpQ32pyMCetvhqmry5rM8sIlUM1vXz82v9n24sCqz[312341.821012] e1000 0000:00:08.0 enp0s8: Reset adapter
[314415.189585] e1000 0000:00:03.0 enp0s3: Detected Tx Unit Hang
[314415.189585]   Tx Queue             <0>
[314415.189585]   TDH                  <5>
[314415.189585]   TDT                  <7>
[314415.189585]   next_to_use          <7>
[314415.189585]   next_to_clean        <5>
[314415.189585] buffer_info[next_to_clean]
[314415.189585]   time_stamp           <104ae3fa6>
[314415.189585]   next_to_watch        <6>
[314415.189585]   jiffies              <104ae411e>
[314415.189585]   next_to_watch.status <0>
[314418.193064] e1000 0000:00:03.0 enp0s3: Detected Tx Unit Hang
[314418.193064]   Tx Queue             <0>
[314418.193064]   TDH                  <5>
[314418.193064]   TDT                  <7>
[314418.193064]   next_to_use          <7>
[314418.193064]   next_to_clean        <5>
[314418.193064] buffer_info[next_to_clean]
[314418.193064]   time_stamp           <104ae3fa6>
[314418.193064]   next_to_watch        <6>
[314418.193064]   jiffies              <104ae440d>
[314418.193064]   next_to_watch.status <0>
[314420.444676] e1000 0000:00:03.0 enp0s3: Detected Tx Unit Hang
[314420.444676]   Tx Queue             <0>
[314420.444676]   TDH                  <5>
[314420.444676]   TDT                  <7>
[314420.444676]   next_to_use          <7>
[314420.444676]   next_to_clean        <5>
[314420.444676] buffer_info[next_to_clean]
[314420.444676]   time_stamp           <104ae3fa6>
[314420.444676]   next_to_watch        <6>
[314420.444676]   jiffies              <104ae4640>
[314420.444676]   next_to_watch.status <0>
[314421.980599] e1000 0000:00:03.0 enp0s3: Reset adapter
